<?xml version="1.0" encoding="UTF-8"?>
<!-- Generated by org.testng.reporters.JUnitReportReporter -->
<testsuite hostname="DESKTOP-SIA6PQ9" failures="0" tests="4" name="Day1.HTTPRequest" time="4.082" errors="0" timestamp="2025-04-29T14:05:51 CEST" skipped="0">
  <testcase classname="Day1.HTTPRequest" name="getUsers" time="3.033"/>
  <testcase classname="Day1.HTTPRequest" name="createUsers" time="0.561"/>
  <testcase classname="Day1.HTTPRequest" name="updateUser" time="0.254"/>
  <testcase classname="Day1.HTTPRequest" name="deleteUser" time="0.234"/>
</testsuite> <!-- Day1.HTTPRequest -->
