<?xml version="1.0" encoding="UTF-8"?>
<!-- Generated by org.testng.reporters.JUnitReportReporter -->
<testsuite hostname="DESKTOP-SIA6PQ9" failures="0" tests="1" name="petstoreAssignment.PetStore" time="3.764" errors="0" timestamp="2025-06-10T15:29:42 CEST" skipped="0">
  <testcase classname="petstoreAssignment.PetStore" name="createUsers" time="3.764"/>
</testsuite> <!-- petstoreAssignment.PetStore -->
